Initialize engine version: 5.6.1f1 (2860b30f0b54)
GfxDevice: creating device client; threaded=1
Direct3D:
    Version:  Direct3D 11.0 [level 11.1]
    Renderer: Intel(R) HD Graphics 520 (ID=0x1916)
    Vendor:   Intel
    VRAM:     2101 MB
    Driver:   21.20.16.4590
Begin MonoManager ReloadAssembly
Platform assembly: D:\Unity project\Plantopia\Demo Build v01\demo_Data\Managed\UnityEngine.dll (this message is harmless)
Loading D:\Unity project\Plantopia\Demo Build v01\demo_Data\Managed\UnityEngine.dll into Unity Child Domain
Platform assembly: D:\Unity project\Plantopia\Demo Build v01\demo_Data\Managed\Assembly-CSharp.dll (this message is harmless)
Loading D:\Unity project\Plantopia\Demo Build v01\demo_Data\Managed\Assembly-CSharp.dll into Unity Child Domain
Platform assembly: D:\Unity project\Plantopia\Demo Build v01\demo_Data\Managed\UnityEngine.UI.dll (this message is harmless)
Loading D:\Unity project\Plantopia\Demo Build v01\demo_Data\Managed\UnityEngine.UI.dll into Unity Child Domain
Platform assembly: D:\Unity project\Plantopia\Demo Build v01\demo_Data\Managed\UnityEngine.Networking.dll (this message is harmless)
Loading D:\Unity project\Plantopia\Demo Build v01\demo_Data\Managed\UnityEngine.Networking.dll into Unity Child Domain
Platform assembly: D:\Unity project\Plantopia\Demo Build v01\demo_Data\Managed\UnityEngine.Analytics.dll (this message is harmless)
Loading D:\Unity project\Plantopia\Demo Build v01\demo_Data\Managed\UnityEngine.Analytics.dll into Unity Child Domain
Platform assembly: D:\Unity project\Plantopia\Demo Build v01\demo_Data\Managed\DOTween.dll (this message is harmless)
Loading D:\Unity project\Plantopia\Demo Build v01\demo_Data\Managed\DOTween.dll into Unity Child Domain
Platform assembly: D:\Unity project\Plantopia\Demo Build v01\demo_Data\Managed\DOTween43.dll (this message is harmless)
Loading D:\Unity project\Plantopia\Demo Build v01\demo_Data\Managed\DOTween43.dll into Unity Child Domain
Platform assembly: D:\Unity project\Plantopia\Demo Build v01\demo_Data\Managed\DOTween46.dll (this message is harmless)
Loading D:\Unity project\Plantopia\Demo Build v01\demo_Data\Managed\DOTween46.dll into Unity Child Domain
Platform assembly: D:\Unity project\Plantopia\Demo Build v01\demo_Data\Managed\DOTween50.dll (this message is harmless)
Loading D:\Unity project\Plantopia\Demo Build v01\demo_Data\Managed\DOTween50.dll into Unity Child Domain
- Completed reload, in  0.050 seconds
Platform assembly: D:\Unity project\Plantopia\Demo Build v01\demo_Data\Managed\System.Core.dll (this message is harmless)
Platform assembly: D:\Unity project\Plantopia\Demo Build v01\demo_Data\Managed\System.dll (this message is harmless)
desktop: 1366x768 60Hz; virtual: 1366x768 at 0,0
<RI> Initializing input.
<RI> Input initialized.
<RI> Initialized touch support.
UnloadTime: 1.024396 ms
Setting up 2 worker threads for Enlighten.
  Thread -> id: 2fc8 -> priority: 1 
  Thread -> id: 21f8 -> priority: 1 

 
(Filename: C:/buildslave/unity/build/artifacts/generated/common/runtime/DebugBindings.gen.cpp Line: 51)

IndexOutOfRangeException: Array index is out of range.
  at DemoPot+<ReadDataQuery>c__Iterator1.MoveNext () [0x00000] in <filename unknown>:0 
  at UnityEngine.SetupCoroutine.InvokeMoveNext (IEnumerator enumerator, IntPtr returnValueAddress) [0x00000] in <filename unknown>:0 
 
(Filename:  Line: -1)


 
(Filename: C:/buildslave/unity/build/artifacts/generated/common/runtime/DebugBindings.gen.cpp Line: 51)

IndexOutOfRangeException: Array index is out of range.
  at DemoPot+<ReadDataQuery>c__Iterator1.MoveNext () [0x00000] in <filename unknown>:0 
  at UnityEngine.SetupCoroutine.InvokeMoveNext (IEnumerator enumerator, IntPtr returnValueAddress) [0x00000] in <filename unknown>:0 
 
(Filename:  Line: -1)


 
(Filename: C:/buildslave/unity/build/artifacts/generated/common/runtime/DebugBindings.gen.cpp Line: 51)

IndexOutOfRangeException: Array index is out of range.
  at DemoPot+<ReadDataQuery>c__Iterator1.MoveNext () [0x00000] in <filename unknown>:0 
  at UnityEngine.SetupCoroutine.InvokeMoveNext (IEnumerator enumerator, IntPtr returnValueAddress) [0x00000] in <filename unknown>:0 
 
(Filename:  Line: -1)


 
(Filename: C:/buildslave/unity/build/artifacts/generated/common/runtime/DebugBindings.gen.cpp Line: 51)

IndexOutOfRangeException: Array index is out of range.
  at DemoPot+<ReadDataQuery>c__Iterator1.MoveNext () [0x00000] in <filename unknown>:0 
  at UnityEngine.SetupCoroutine.InvokeMoveNext (IEnumerator enumerator, IntPtr returnValueAddress) [0x00000] in <filename unknown>:0 
 
(Filename:  Line: -1)


 
(Filename: C:/buildslave/unity/build/artifacts/generated/common/runtime/DebugBindings.gen.cpp Line: 51)

IndexOutOfRangeException: Array index is out of range.
  at DemoPot+<ReadDataQuery>c__Iterator1.MoveNext () [0x00000] in <filename unknown>:0 
  at UnityEngine.SetupCoroutine.InvokeMoveNext (IEnumerator enumerator, IntPtr returnValueAddress) [0x00000] in <filename unknown>:0 
 
(Filename:  Line: -1)


 
(Filename: C:/buildslave/unity/build/artifacts/generated/common/runtime/DebugBindings.gen.cpp Line: 51)

IndexOutOfRangeException: Array index is out of range.
  at DemoPot+<ReadDataQuery>c__Iterator1.MoveNext () [0x00000] in <filename unknown>:0 
  at UnityEngine.SetupCoroutine.InvokeMoveNext (IEnumerator enumerator, IntPtr returnValueAddress) [0x00000] in <filename unknown>:0 
 
(Filename:  Line: -1)


 
(Filename: C:/buildslave/unity/build/artifacts/generated/common/runtime/DebugBindings.gen.cpp Line: 51)

IndexOutOfRangeException: Array index is out of range.
  at DemoPot+<ReadDataQuery>c__Iterator1.MoveNext () [0x00000] in <filename unknown>:0 
  at UnityEngine.SetupCoroutine.InvokeMoveNext (IEnumerator enumerator, IntPtr returnValueAddress) [0x00000] in <filename unknown>:0 
 
(Filename:  Line: -1)


 
(Filename: C:/buildslave/unity/build/artifacts/generated/common/runtime/DebugBindings.gen.cpp Line: 51)

IndexOutOfRangeException: Array index is out of range.
  at DemoPot+<ReadDataQuery>c__Iterator1.MoveNext () [0x00000] in <filename unknown>:0 
  at UnityEngine.SetupCoroutine.InvokeMoveNext (IEnumerator enumerator, IntPtr returnValueAddress) [0x00000] in <filename unknown>:0 
 
(Filename:  Line: -1)


 
(Filename: C:/buildslave/unity/build/artifacts/generated/common/runtime/DebugBindings.gen.cpp Line: 51)

IndexOutOfRangeException: Array index is out of range.
  at DemoPot+<ReadDataQuery>c__Iterator1.MoveNext () [0x00000] in <filename unknown>:0 
  at UnityEngine.SetupCoroutine.InvokeMoveNext (IEnumerator enumerator, IntPtr returnValueAddress) [0x00000] in <filename unknown>:0 
 
(Filename:  Line: -1)


 
(Filename: C:/buildslave/unity/build/artifacts/generated/common/runtime/DebugBindings.gen.cpp Line: 51)

IndexOutOfRangeException: Array index is out of range.
  at DemoPot+<ReadDataQuery>c__Iterator1.MoveNext () [0x00000] in <filename unknown>:0 
  at UnityEngine.SetupCoroutine.InvokeMoveNext (IEnumerator enumerator, IntPtr returnValueAddress) [0x00000] in <filename unknown>:0 
 
(Filename:  Line: -1)


 
(Filename: C:/buildslave/unity/build/artifacts/generated/common/runtime/DebugBindings.gen.cpp Line: 51)

IndexOutOfRangeException: Array index is out of range.
  at DemoPot+<ReadDataQuery>c__Iterator1.MoveNext () [0x00000] in <filename unknown>:0 
  at UnityEngine.SetupCoroutine.InvokeMoveNext (IEnumerator enumerator, IntPtr returnValueAddress) [0x00000] in <filename unknown>:0 
 
(Filename:  Line: -1)


 
(Filename: C:/buildslave/unity/build/artifacts/generated/common/runtime/DebugBindings.gen.cpp Line: 51)

IndexOutOfRangeException: Array index is out of range.
  at DemoPot+<ReadDataQuery>c__Iterator1.MoveNext () [0x00000] in <filename unknown>:0 
  at UnityEngine.SetupCoroutine.InvokeMoveNext (IEnumerator enumerator, IntPtr returnValueAddress) [0x00000] in <filename unknown>:0 
 
(Filename:  Line: -1)


 
(Filename: C:/buildslave/unity/build/artifacts/generated/common/runtime/DebugBindings.gen.cpp Line: 51)

IndexOutOfRangeException: Array index is out of range.
  at DemoPot+<ReadDataQuery>c__Iterator1.MoveNext () [0x00000] in <filename unknown>:0 
  at UnityEngine.SetupCoroutine.InvokeMoveNext (IEnumerator enumerator, IntPtr returnValueAddress) [0x00000] in <filename unknown>:0 
 
(Filename:  Line: -1)


 
(Filename: C:/buildslave/unity/build/artifacts/generated/common/runtime/DebugBindings.gen.cpp Line: 51)

IndexOutOfRangeException: Array index is out of range.
  at DemoPot+<ReadDataQuery>c__Iterator1.MoveNext () [0x00000] in <filename unknown>:0 
  at UnityEngine.SetupCoroutine.InvokeMoveNext (IEnumerator enumerator, IntPtr returnValueAddress) [0x00000] in <filename unknown>:0 
 
(Filename:  Line: -1)


 
(Filename: C:/buildslave/unity/build/artifacts/generated/common/runtime/DebugBindings.gen.cpp Line: 51)

IndexOutOfRangeException: Array index is out of range.
  at DemoPot+<ReadDataQuery>c__Iterator1.MoveNext () [0x00000] in <filename unknown>:0 
  at UnityEngine.SetupCoroutine.InvokeMoveNext (IEnumerator enumerator, IntPtr returnValueAddress) [0x00000] in <filename unknown>:0 
 
(Filename:  Line: -1)


 
(Filename: C:/buildslave/unity/build/artifacts/generated/common/runtime/DebugBindings.gen.cpp Line: 51)

IndexOutOfRangeException: Array index is out of range.
  at DemoPot+<ReadDataQuery>c__Iterator1.MoveNext () [0x00000] in <filename unknown>:0 
  at UnityEngine.SetupCoroutine.InvokeMoveNext (IEnumerator enumerator, IntPtr returnValueAddress) [0x00000] in <filename unknown>:0 
 
(Filename:  Line: -1)


 
(Filename: C:/buildslave/unity/build/artifacts/generated/common/runtime/DebugBindings.gen.cpp Line: 51)

IndexOutOfRangeException: Array index is out of range.
  at DemoPot+<ReadDataQuery>c__Iterator1.MoveNext () [0x00000] in <filename unknown>:0 
  at UnityEngine.SetupCoroutine.InvokeMoveNext (IEnumerator enumerator, IntPtr returnValueAddress) [0x00000] in <filename unknown>:0 
 
(Filename:  Line: -1)


 
(Filename: C:/buildslave/unity/build/artifacts/generated/common/runtime/DebugBindings.gen.cpp Line: 51)

IndexOutOfRangeException: Array index is out of range.
  at DemoPot+<ReadDataQuery>c__Iterator1.MoveNext () [0x00000] in <filename unknown>:0 
  at UnityEngine.SetupCoroutine.InvokeMoveNext (IEnumerator enumerator, IntPtr returnValueAddress) [0x00000] in <filename unknown>:0 
 
(Filename:  Line: -1)


 
(Filename: C:/buildslave/unity/build/artifacts/generated/common/runtime/DebugBindings.gen.cpp Line: 51)

IndexOutOfRangeException: Array index is out of range.
  at DemoPot+<ReadDataQuery>c__Iterator1.MoveNext () [0x00000] in <filename unknown>:0 
  at UnityEngine.SetupCoroutine.InvokeMoveNext (IEnumerator enumerator, IntPtr returnValueAddress) [0x00000] in <filename unknown>:0 
 
(Filename:  Line: -1)


 
(Filename: C:/buildslave/unity/build/artifacts/generated/common/runtime/DebugBindings.gen.cpp Line: 51)

IndexOutOfRangeException: Array index is out of range.
  at DemoPot+<ReadDataQuery>c__Iterator1.MoveNext () [0x00000] in <filename unknown>:0 
  at UnityEngine.SetupCoroutine.InvokeMoveNext (IEnumerator enumerator, IntPtr returnValueAddress) [0x00000] in <filename unknown>:0 
 
(Filename:  Line: -1)


 
(Filename: C:/buildslave/unity/build/artifacts/generated/common/runtime/DebugBindings.gen.cpp Line: 51)

IndexOutOfRangeException: Array index is out of range.
  at DemoPot+<ReadDataQuery>c__Iterator1.MoveNext () [0x00000] in <filename unknown>:0 
  at UnityEngine.SetupCoroutine.InvokeMoveNext (IEnumerator enumerator, IntPtr returnValueAddress) [0x00000] in <filename unknown>:0 
 
(Filename:  Line: -1)


 
(Filename: C:/buildslave/unity/build/artifacts/generated/common/runtime/DebugBindings.gen.cpp Line: 51)

IndexOutOfRangeException: Array index is out of range.
  at DemoPot+<ReadDataQuery>c__Iterator1.MoveNext () [0x00000] in <filename unknown>:0 
  at UnityEngine.SetupCoroutine.InvokeMoveNext (IEnumerator enumerator, IntPtr returnValueAddress) [0x00000] in <filename unknown>:0 
 
(Filename:  Line: -1)


 
(Filename: C:/buildslave/unity/build/artifacts/generated/common/runtime/DebugBindings.gen.cpp Line: 51)

IndexOutOfRangeException: Array index is out of range.
  at DemoPot+<ReadDataQuery>c__Iterator1.MoveNext () [0x00000] in <filename unknown>:0 
  at UnityEngine.SetupCoroutine.InvokeMoveNext (IEnumerator enumerator, IntPtr returnValueAddress) [0x00000] in <filename unknown>:0 
 
(Filename:  Line: -1)


 
(Filename: C:/buildslave/unity/build/artifacts/generated/common/runtime/DebugBindings.gen.cpp Line: 51)

IndexOutOfRangeException: Array index is out of range.
  at DemoPot+<ReadDataQuery>c__Iterator1.MoveNext () [0x00000] in <filename unknown>:0 
  at UnityEngine.SetupCoroutine.InvokeMoveNext (IEnumerator enumerator, IntPtr returnValueAddress) [0x00000] in <filename unknown>:0 
 
(Filename:  Line: -1)


 
(Filename: C:/buildslave/unity/build/artifacts/generated/common/runtime/DebugBindings.gen.cpp Line: 51)

IndexOutOfRangeException: Array index is out of range.
  at DemoPot+<ReadDataQuery>c__Iterator1.MoveNext () [0x00000] in <filename unknown>:0 
  at UnityEngine.SetupCoroutine.InvokeMoveNext (IEnumerator enumerator, IntPtr returnValueAddress) [0x00000] in <filename unknown>:0 
 
(Filename:  Line: -1)


 
(Filename: C:/buildslave/unity/build/artifacts/generated/common/runtime/DebugBindings.gen.cpp Line: 51)

IndexOutOfRangeException: Array index is out of range.
  at DemoPot+<ReadDataQuery>c__Iterator1.MoveNext () [0x00000] in <filename unknown>:0 
  at UnityEngine.SetupCoroutine.InvokeMoveNext (IEnumerator enumerator, IntPtr returnValueAddress) [0x00000] in <filename unknown>:0 
 
(Filename:  Line: -1)


 
(Filename: C:/buildslave/unity/build/artifacts/generated/common/runtime/DebugBindings.gen.cpp Line: 51)

IndexOutOfRangeException: Array index is out of range.
  at DemoPot+<ReadDataQuery>c__Iterator1.MoveNext () [0x00000] in <filename unknown>:0 
  at UnityEngine.SetupCoroutine.InvokeMoveNext (IEnumerator enumerator, IntPtr returnValueAddress) [0x00000] in <filename unknown>:0 
 
(Filename:  Line: -1)


 
(Filename: C:/buildslave/unity/build/artifacts/generated/common/runtime/DebugBindings.gen.cpp Line: 51)

IndexOutOfRangeException: Array index is out of range.
  at DemoPot+<ReadDataQuery>c__Iterator1.MoveNext () [0x00000] in <filename unknown>:0 
  at UnityEngine.SetupCoroutine.InvokeMoveNext (IEnumerator enumerator, IntPtr returnValueAddress) [0x00000] in <filename unknown>:0 
 
(Filename:  Line: -1)

